[mpi_dp_hierarchial] world_size=16 node_count=1 local_size_min=16 local_size_max=16
[mpi-dp-hierarchial][timing] compute_ms=1029.46 intra_reduce_ms=45.1351 inter_allreduce_ms=0 intra_bcast_ms=79.4261 other_ms=31.9789
[mpi-dp-hierarchial] epoch 1/10 time_ms=1186 train_loss=1.86302 train_acc=0.452616 val_loss=1.28543 val_acc=0.7085
[mpi-dp-hierarchial][timing] compute_ms=1031 intra_reduce_ms=44.8478 inter_allreduce_ms=0 intra_bcast_ms=106.457 other_ms=28.6992
[mpi-dp-hierarchial] epoch 2/10 time_ms=1211 train_loss=0.919836 train_acc=0.790405 val_loss=0.635175 val_acc=0.8466
[mpi-dp-hierarchial][timing] compute_ms=1026.15 intra_reduce_ms=44.6776 inter_allreduce_ms=0 intra_bcast_ms=107.211 other_ms=28.9606
[mpi-dp-hierarchial] epoch 3/10 time_ms=1207 train_loss=0.567121 train_acc=0.85437 val_loss=0.46744 val_acc=0.8753
[mpi-dp-hierarchial][timing] compute_ms=1026.41 intra_reduce_ms=43.3971 inter_allreduce_ms=0 intra_bcast_ms=107.132 other_ms=29.061
[mpi-dp-hierarchial] epoch 4/10 time_ms=1206 train_loss=0.45352 train_acc=0.876668 val_loss=0.396354 val_acc=0.893
[mpi-dp-hierarchial][timing] compute_ms=1025.57 intra_reduce_ms=44.3947 inter_allreduce_ms=0 intra_bcast_ms=107.609 other_ms=28.4247
[mpi-dp-hierarchial] epoch 5/10 time_ms=1206 train_loss=0.396436 train_acc=0.889791 val_loss=0.35549 val_acc=0.9014
[mpi-dp-hierarchial][timing] compute_ms=1025.63 intra_reduce_ms=43.9684 inter_allreduce_ms=0 intra_bcast_ms=108.688 other_ms=28.7135
[mpi-dp-hierarchial] epoch 6/10 time_ms=1207 train_loss=0.360358 train_acc=0.898844 val_loss=0.330864 val_acc=0.9079
[mpi-dp-hierarchial][timing] compute_ms=1026.97 intra_reduce_ms=44.8885 inter_allreduce_ms=0 intra_bcast_ms=107.142 other_ms=29.004
[mpi-dp-hierarchial] epoch 7/10 time_ms=1208 train_loss=0.335624 train_acc=0.90564 val_loss=0.310506 val_acc=0.9128
[mpi-dp-hierarchial][timing] compute_ms=1054.96 intra_reduce_ms=50.3459 inter_allreduce_ms=0 intra_bcast_ms=108.685 other_ms=29.0142
[mpi-dp-hierarchial] epoch 8/10 time_ms=1243 train_loss=0.316511 train_acc=0.91038 val_loss=0.294314 val_acc=0.9164
[mpi-dp-hierarchial][timing] compute_ms=1038.27 intra_reduce_ms=45.1339 inter_allreduce_ms=0 intra_bcast_ms=107.524 other_ms=28.0773
[mpi-dp-hierarchial] epoch 9/10 time_ms=1219 train_loss=0.300691 train_acc=0.91453 val_loss=0.281515 val_acc=0.9203
[mpi-dp-hierarchial][timing] compute_ms=1037.94 intra_reduce_ms=48.8395 inter_allreduce_ms=0 intra_bcast_ms=108.8 other_ms=28.4213
[mpi-dp-hierarchial] epoch 10/10 time_ms=1224 train_loss=0.286851 train_acc=0.918518 val_loss=0.272017 val_acc=0.9226
Training finished (mpi-dp-hierarchial). Metrics written to /global/homes/a/ap2568/nn_training/results/scaling/hier_dp_1n16r_256-128-64.csv
