in non balanced
in non balanced
in non balanced
in non balanced
in non balanced
in non balanced
in non balanced
in non balanced
Rank 0(mpi-mp-pip) owns layers [0, 1)
[mpi-mp-pip] epoch 1 timings (s, epoch total) - min / mean / max across 8 ranks:
  fwd_comm       0.0000 /  47.1615 /  66.7708
  fwd_compute    0.0176 /   3.5079 /  12.1461
  fwd_send       0.0000 /   0.0001 /   0.0001
  bwd_comm       0.0000 /   9.5022 /  41.0683
  bwd_compute    0.0880 /   6.0522 /  17.8345
  grad_accum     0.0013 /   0.3877 /   1.3439
  grad_apply     0.0000 /   0.0120 /   0.0411
  bwd_send       0.0000 /   0.3677 /   1.3689
[mpi-mp-pip] epoch 1/2 time_ms=71728 train_loss=nan train_acc=0.1009 val_loss=nan val_acc=0.0984
[mpi-mp-pip] epoch 2 timings (s, epoch total) - min / mean / max across 8 ranks:
  fwd_comm       0.0000 /  46.9384 /  66.4450
  fwd_compute    0.0151 /   3.4937 /  12.1129
  fwd_send       0.0000 /   0.0000 /   0.0001
  bwd_comm       0.0000 /   9.4403 /  40.8499
  bwd_compute    0.0845 /   6.0206 /  17.7625
  grad_accum     0.0013 /   0.3879 /   1.3407
  grad_apply     0.0000 /   0.0120 /   0.0407
  bwd_send       0.0000 /   0.3667 /   1.3648
[mpi-mp-pip] epoch 2/2 time_ms=71391 train_loss=nan train_acc=0.0991 val_loss=nan val_acc=0.0984
Rank 5(mpi-mp-pip) owns layers [5, 6)
Rank 6(mpi-mp-pip) owns layers [6, 7)
Rank 7(mpi-mp-pip) owns layers [7, 8)
Rank 4(mpi-mp-pip) owns layers [4, 5)
Rank 1(mpi-mp-pip) owns layers [1, 2)
Rank 2(mpi-mp-pip) owns layers [2, 3)
Rank 3(mpi-mp-pip) owns layers [3, 4)
Training finished (mpi-mp-pip). Metrics written to /global/homes/a/allenvin/project/nn-training/results/charts_20260512_110608/c2_pip_mb32.csv
